
> mabiz@0.1.0 build
> prisma generate && next build


✔ Generated Prisma Client (v7.8.0) to .\node_modules\@prisma\client in 1.06s

Start by importing your Prisma Client (See: https://pris.ly/d/importing-client)


   ▲ Next.js 15.5.18
   - Environments: .env.production.local, .env.local, .env.production, .env

   Creating an optimized production build ...
   Skipping validation of types
   Linting ...
   Collecting page data ...
   Generating static pages (0/245) ...
   Generating static pages (61/245) 
   Generating static pages (122/245) 
   Generating static pages (183/245) 
 ✓ Generating static pages (245/245)
   Finalizing page optimization ...
   Collecting build traces ...

Route (app)                                                     Size  First Load JS
┌ ○ /                                                        1.51 kB         104 kB
├ ○ /_not-found                                              1.04 kB         104 kB
├ ○ /(dashboard/)/admin/audit-logs                           4.25 kB         114 kB
├ ○ /(dashboard/)/admin/compliance-monitoring                3.91 kB         113 kB
├ ○ /(dashboard/)admin/loop5/ab-test-results                 6.57 kB         116 kB
├ ○ /403-forbidden                                             222 B         106 kB
├ ƒ /admin/affiliate-sales-by-partner                        4.31 kB         107 kB
├ ƒ /admin/affiliate/partner-alert                           4.33 kB         107 kB
├ ƒ /admin/affiliate/sales-confirmation                      5.04 kB         107 kB
├ ƒ /admin/backup-status                                     1.66 kB         104 kB
├ ƒ /admin/groups-stats                                      3.06 kB         106 kB
├ ƒ /admin/loop5/dashboard                                   11.3 kB         225 kB
├ ƒ /admin/organizations                                      8.2 kB         114 kB
├ ƒ /admin/partner-applications                              5.36 kB         108 kB
├ ƒ /admin/partner-suspensions                               4.16 kB         114 kB
├ ƒ /admin/sending-monitor                                   6.54 kB         226 kB
├ ○ /admin/verify                                            2.13 kB         105 kB
├ ƒ /admin/webhook-monitor                                   5.24 kB         120 kB
├ ƒ /admin/webhook-reports                                   5.24 kB         120 kB
├ ƒ /affiliate-sales                                         3.64 kB         106 kB
├ ○ /affiliate/apply                                         13.1 kB         116 kB
├ ○ /affiliate/pre-sales                                     17.4 kB         120 kB
├ ○ /affiliate/pre-sales/complete                            5.26 kB         108 kB
├ ƒ /analytics/channels                                      4.44 kB         107 kB
├ ƒ /analytics/optimization                                  5.35 kB         108 kB
├ ƒ /analytics/realtime                                      12.7 kB         234 kB
├ ƒ /analytics/reports                                       2.07 kB         105 kB
├ ƒ /analytics/segments                                      5.73 kB         244 kB
├ ƒ /api/ab-test/assignments                                 1.51 kB         104 kB
├ ƒ /api/ab-test/progress                                    1.51 kB         104 kB
├ ƒ /api/admin/ab-tests/cron-history                         1.51 kB         104 kB
├ ƒ /api/admin/affiliate-managers                            1.51 kB         104 kB
├ ƒ /api/admin/affiliate-managers/[memberId]                 1.51 kB         104 kB
├ ƒ /api/admin/affiliate-sales                               1.51 kB         104 kB
├ ƒ /api/admin/apis/excel                                    1.51 kB         104 kB
├ ƒ /api/admin/check-all-tables                              1.51 kB         104 kB
├ ƒ /api/admin/compliance/audit-logs                         1.51 kB         104 kB
├ ƒ /api/admin/compliance/deletion-requests                  1.51 kB         104 kB
├ ƒ /api/admin/compliance/monitoring                         1.51 kB         104 kB
├ ƒ /api/admin/compliance/status                             1.51 kB         104 kB
├ ƒ /api/admin/find-news-community-tables                    1.51 kB         104 kB
├ ƒ /api/admin/groups-stats                                  1.51 kB         104 kB
├ ƒ /api/admin/loop5/ab-test-results                         1.51 kB         104 kB
├ ƒ /api/admin/organizations                                 1.51 kB         104 kB
├ ƒ /api/admin/partner-suspensions                           1.51 kB         104 kB
├ ƒ /api/admin/partner-suspensions/[organizationId]/resolve  1.51 kB         104 kB
├ ƒ /api/admin/sending-metrics                               1.51 kB         104 kB
├ ƒ /api/admin/settlement-summary                            1.51 kB         104 kB
├ ƒ /api/admin/settlements/partner-details                   1.51 kB         104 kB
├ ƒ /api/admin/settlements/stats                             1.51 kB         104 kB
├ ƒ /api/admin/sms/stats                                     1.51 kB         104 kB
├ ƒ /api/admin/sms/test-send                                 1.51 kB         104 kB
├ ƒ /api/admin/supabase-full-scan                            1.51 kB         104 kB
├ ƒ /api/admin/verification/metrics                          1.51 kB         104 kB
├ ƒ /api/admin/verification/recovery                         1.51 kB         104 kB
├ ƒ /api/admin/verification/rollback                         1.51 kB         104 kB
├ ƒ /api/admin/verification/status                           1.51 kB         104 kB
├ ƒ /api/admin/webhook-logs                                  1.51 kB         104 kB
├ ƒ /api/admin/webhook-reports                               1.51 kB         104 kB
├ ƒ /api/admin/webhook-stats-advanced                        1.51 kB         104 kB
├ ƒ /api/affiliate-adjustments                               1.51 kB         104 kB
├ ƒ /api/affiliate-contracts                                 1.51 kB         104 kB
├ ƒ /api/affiliate-contracts/[id]/status                     1.51 kB         104 kB
├ ƒ /api/affiliate-sales                                     1.51 kB         104 kB
├ ƒ /api/affiliate-sales/[id]/approve                        1.51 kB         104 kB
├ ƒ /api/affiliate-sales/[id]/refund                         1.51 kB         104 kB
├ ƒ /api/affiliate-sales/[id]/reject                         1.51 kB         104 kB
├ ƒ /api/affiliate-sales/bulk-approve                        1.51 kB         104 kB
├ ƒ /api/affiliate/contracts                                 1.51 kB         104 kB
├ ƒ /api/affiliate/contracts/[contractId]/approve            1.51 kB         104 kB
├ ƒ /api/affiliate/contracts/[contractId]/reject             1.51 kB         104 kB
├ ƒ /api/affiliate/contracts/[contractId]/simple-approve     1.51 kB         104 kB
├ ƒ /api/affiliate/contracts/bulk-approve                    1.51 kB         104 kB
├ ƒ /api/affiliate/contracts/complete                        1.51 kB         104 kB
├ ƒ /api/affiliate/contracts/send-email-token                1.51 kB         104 kB
├ ƒ /api/affiliate/my-sales                                  1.51 kB         104 kB
├ ƒ /api/affiliate/partner-alert                             1.51 kB         104 kB
├ ƒ /api/affiliate/partner-alert/stats                       1.51 kB         104 kB
├ ƒ /api/affiliate/sales-confirmation                        1.51 kB         104 kB
├ ƒ /api/affiliate/sales-confirmation/[id]                   1.51 kB         104 kB
├ ƒ /api/affiliate/sales-confirmation/batch-approve          1.51 kB         104 kB
├ ƒ /api/affiliates                                          1.51 kB         104 kB
├ ƒ /api/affiliates/[id]/contract-status                     1.51 kB         104 kB
├ ƒ /api/affiliates/[id]/detail                              1.51 kB         104 kB
├ ƒ /api/affiliates/[id]/landing-slug                        1.51 kB         104 kB
├ ƒ /api/affiliates/[id]/suspend                             1.51 kB         104 kB
├ ƒ /api/affiliates/[id]/unsuspend                           1.51 kB         104 kB
├ ƒ /api/anxiety-assessment                                  1.51 kB         104 kB
├ ƒ /api/auth/google-calendar                                1.51 kB         104 kB
├ ƒ /api/auth/google-calendar/callback                       1.51 kB         104 kB
├ ƒ /api/auth/login                                          1.51 kB         104 kB
├ ƒ /api/auth/logout                                         1.51 kB         104 kB
├ ƒ /api/auth/me                                             1.51 kB         104 kB
├ ƒ /api/auth/register/free-marketer                         1.51 kB         104 kB
├ ƒ /api/b2b                                                 1.51 kB         104 kB
├ ƒ /api/b2b-landing                                         1.51 kB         104 kB
├ ƒ /api/b2b-landing/[id]                                    1.51 kB         104 kB
├ ƒ /api/b2b-landing/[id]/clone                              1.51 kB         104 kB
├ ƒ /api/b2b-landing/[id]/comments                           1.51 kB         104 kB
├ ƒ /api/b2b-landing/[id]/comments/generate                  1.51 kB         104 kB
├ ƒ /api/b2b-landing/[id]/registrations                      1.51 kB         104 kB
├ ƒ /api/b2b-landing/[id]/stats                              1.51 kB         104 kB
├ ƒ /api/b2b-landing/images                                  1.51 kB         104 kB
├ ƒ /api/b2b/[id]                                            1.51 kB         104 kB
├ ƒ /api/backup/contact/[id]                                 1.51 kB         104 kB
├ ƒ /api/backup/org                                          1.51 kB         104 kB
├ ƒ /api/cabin-inventory                                     1.51 kB         104 kB
├ ƒ /api/calendar/events/[id]                                1.51 kB         104 kB
├ ƒ /api/call-scripts/[category]/[segment]/[phase]           1.51 kB         104 kB
├ ƒ /api/call-scripts/[category]/feedback                    1.51 kB         104 kB
├ ƒ /api/call-scripts/track-b                                1.51 kB         104 kB
├ ƒ /api/campaigns                                           1.51 kB         104 kB
├ ƒ /api/campaigns/[id]                                      1.51 kB         104 kB
├ ƒ /api/campaigns/[id]/cost/summary                         1.51 kB         104 kB
├ ƒ /api/campaigns/[id]/delta                                1.51 kB         104 kB
├ ƒ /api/campaigns/[id]/metrics                              1.51 kB         104 kB
├ ƒ /api/campaigns/[id]/variants                             1.51 kB         104 kB
├ ƒ /api/campaigns/[id]/variants/[key]                       1.51 kB         104 kB
├ ƒ /api/campaigns/[id]/variants/stats                       1.51 kB         104 kB
├ ƒ /api/campaigns/delta                                     1.51 kB         104 kB
├ ƒ /api/campaigns/delta/[campaignId]                        1.51 kB         104 kB
├ ƒ /api/campaigns/multi-channel                             1.51 kB         104 kB
├ ƒ /api/campaigns/sending-history                           1.51 kB         104 kB
├ ƒ /api/campaigns/sending-history/[id]/resend               1.51 kB         104 kB
├ ƒ /api/campaigns/sending-history/failures                  1.51 kB         104 kB
├ ƒ /api/campaigns/sending-history/stats                     1.51 kB         104 kB
├ ƒ /api/channels/recommend                                  1.51 kB         104 kB
├ ƒ /api/commission-ledger                                   1.51 kB         104 kB
├ ƒ /api/comparisons/competitor                              1.51 kB         104 kB
├ ƒ /api/comparisons/detect-mention                          1.51 kB         104 kB
├ ƒ /api/comparisons/metrics                                 1.51 kB         104 kB
├ ƒ /api/comparisons/send-differentiation                    1.51 kB         104 kB
├ ƒ /api/compliance/data-deletion-request                    1.51 kB         104 kB
├ ƒ /api/compliance/my-data                                  1.51 kB         104 kB
├ ƒ /api/contacts                                            1.51 kB         104 kB
├ ƒ /api/contacts/[id]                                       1.51 kB         104 kB
├ ƒ /api/contacts/[id]/affiliate-info                        1.51 kB         104 kB
├ ƒ /api/contacts/[id]/call-logs                             1.51 kB         104 kB
├ ƒ /api/contacts/[id]/call-logs/[logId]/ics                 1.51 kB         104 kB
├ ƒ /api/contacts/[id]/call-logs/backup                      1.51 kB         104 kB
├ ƒ /api/contacts/[id]/campaigns                             1.51 kB         104 kB
├ ƒ /api/contacts/[id]/lens                                  1.51 kB         104 kB
├ ƒ /api/contacts/[id]/memos                                 1.51 kB         104 kB
├ ƒ /api/contacts/[id]/profile-360                           1.51 kB         104 kB
├ ƒ /api/contacts/[id]/recall-db                             1.51 kB         104 kB
├ ƒ /api/contacts/[id]/reservations                          1.51 kB         104 kB
├ ƒ /api/contacts/[id]/risk-flags                            1.51 kB         104 kB
├ ƒ /api/contacts/[id]/send-day0-sms                         1.51 kB         104 kB
├ ƒ /api/contacts/[id]/send-db                               1.51 kB         104 kB
├ ƒ /api/contacts/[id]/send-email                            1.51 kB         104 kB
├ ƒ /api/contacts/[id]/send-kakao                            1.51 kB         104 kB
├ ƒ /api/contacts/[id]/sms                                   1.51 kB         104 kB
├ ƒ /api/contacts/[id]/sms-logs                              1.51 kB         104 kB
├ ƒ /api/contacts/[id]/start-day0-3-sequence                 1.51 kB         104 kB
├ ƒ /api/contacts/[id]/transfer-logs                         1.51 kB         104 kB
├ ƒ /api/contacts/all                                        1.51 kB         104 kB
├ ƒ /api/contacts/analytics                                  1.51 kB         104 kB
├ ƒ /api/contacts/assign-stats                               1.51 kB         104 kB
├ ƒ /api/contacts/bulk-assign                                1.51 kB         104 kB
├ ƒ /api/contacts/export                                     1.51 kB         104 kB
├ ƒ /api/contacts/group-blast                                1.51 kB         104 kB
├ ƒ /api/contacts/import                                     1.51 kB         104 kB
├ ƒ /api/contacts/import/sample                              1.51 kB         104 kB
├ ƒ /api/contacts/sample                                     1.51 kB         104 kB
├ ƒ /api/contacts/tag-blast                                  1.51 kB         104 kB
├ ƒ /api/contacts/verify                                     1.51 kB         104 kB
├ ƒ /api/contract-instances                                  1.51 kB         104 kB
├ ƒ /api/contract-instances/[id]                             1.51 kB         104 kB
├ ƒ /api/contract-templates                                  1.51 kB         104 kB
├ ƒ /api/contract-templates/[id]                             1.51 kB         104 kB
├ ƒ /api/contract-templates/[id]/audit-logs                  1.51 kB         104 kB
├ ƒ /api/contracts/templates                                 1.51 kB         104 kB
├ ƒ /api/cron/ab-test-daily-aggregate                        1.51 kB         104 kB
├ ƒ /api/cron/ab-test-sync                                   1.51 kB         104 kB
├ ƒ /api/cron/analyze-calls                                  1.51 kB         104 kB
├ ƒ /api/cron/apis-sync                                      1.51 kB         104 kB
├ ƒ /api/cron/backup-pending                                 1.51 kB         104 kB
├ ƒ /api/cron/cleanup                                        1.51 kB         104 kB
├ ƒ /api/cron/compliance-monthly-report                      1.51 kB         104 kB
├ ƒ /api/cron/compliance-status-check                        1.51 kB         104 kB
├ ƒ /api/cron/cost-calculator                                1.51 kB         104 kB
├ ƒ /api/cron/daily-performance-report                       1.51 kB         104 kB
├ ƒ /api/cron/deletion-grace-period-expire                   1.51 kB         104 kB
├ ƒ /api/cron/delta-sms                                      1.51 kB         104 kB
├ ƒ /api/cron/execute-campaigns                              1.51 kB         104 kB
├ ƒ /api/cron/extract-patterns                               1.51 kB         104 kB
├ ƒ /api/cron/health-check                                   1.51 kB         104 kB
├ ƒ /api/cron/loop5-day1-sender                              1.51 kB         104 kB
├ ƒ /api/cron/loop5-day2-sender                              1.51 kB         104 kB
├ ƒ /api/cron/loop5-day3-sender                              1.51 kB         104 kB
├ ƒ /api/cron/monitor                                        1.51 kB         104 kB
├ ƒ /api/cron/onboarding-sms                                 1.51 kB         104 kB
├ ƒ /api/cron/partner-alert-daily                            1.51 kB         104 kB
├ ƒ /api/cron/partner-interventions                          1.51 kB         104 kB
├ ƒ /api/cron/partner-onboarding                             1.51 kB         104 kB
├ ƒ /api/cron/partner-risk-scoring                           1.51 kB         104 kB
├ ƒ /api/cron/partner-sms-retry                              1.51 kB         104 kB
├ ƒ /api/cron/partner-tier-calc                              1.51 kB         104 kB
├ ƒ /api/cron/push-daily                                     1.51 kB         104 kB
├ ƒ /api/cron/re-engage                                      1.51 kB         104 kB
├ ƒ /api/cron/reactivation-classifier                        1.51 kB         104 kB
├ ƒ /api/cron/realtime-optimization                          1.51 kB         104 kB
├ ƒ /api/cron/retry-mabiz-dlq                                1.51 kB         104 kB
├ ƒ /api/cron/scheduled-email                                1.51 kB         104 kB
├ ƒ /api/cron/scheduled-sms                                  1.51 kB         104 kB
├ ƒ /api/cron/sms-day0-init                                  1.51 kB         104 kB
├ ƒ /api/cron/sms-day1-objection                             1.51 kB         104 kB
├ ƒ /api/cron/sms-day2-value                                 1.51 kB         104 kB
├ ƒ /api/cron/sms-day3-action                                1.51 kB         104 kB
├ ƒ /api/cron/sms-delivery-tracking                          1.51 kB         104 kB
├ ƒ /api/cron/sms-followup                                   1.51 kB         104 kB
├ ƒ /api/cron/verify-execution-log                           1.51 kB         104 kB
├ ƒ /api/cron/vip-care                                       1.51 kB         104 kB
├ ƒ /api/cron/webhook-monitoring                             1.51 kB         104 kB
├ ƒ /api/cron/webhooks-retry                                 1.51 kB         104 kB
├ ƒ /api/csrf-token                                          1.51 kB         104 kB
├ ƒ /api/customers/[id]/360                                  1.51 kB         104 kB
├ ƒ /api/customers/batch-lenses                              1.51 kB         104 kB
├ ƒ /api/customers/search                                    1.51 kB         104 kB
├ ƒ /api/dashboard                                           1.51 kB         104 kB
├ ƒ /api/dashboard/recommendations                           1.51 kB         104 kB
├ ƒ /api/dashboard/unified                                   1.51 kB         104 kB
├ ƒ /api/documents/[id]                                      1.51 kB         104 kB
├ ƒ /api/documents/[id]/versions                             1.51 kB         104 kB
├ ƒ /api/documents/approve                                   1.51 kB         104 kB
├ ƒ /api/documents/approve/[id]                              1.51 kB         104 kB
├ ƒ /api/documents/comparison-quote                          1.51 kB         104 kB
├ ƒ /api/documents/purchase-cert                             1.51 kB         104 kB
├ ƒ /api/documents/refund-cert                               1.51 kB         104 kB
├ ƒ /api/documents/search-sales                              1.51 kB         104 kB
├ ƒ /api/documents/submit                                    1.51 kB         104 kB
├ ƒ /api/documents/upload                                    1.51 kB         104 kB
├ ƒ /api/email/schedule                                      1.51 kB         104 kB
├ ƒ /api/forecast/anomalies                                  1.51 kB         104 kB
├ ƒ /api/forecast/anomalies/advanced                         1.51 kB         104 kB
├ ƒ /api/forecast/conversion                                 1.51 kB         104 kB
├ ƒ /api/forecast/demand-sensing                             1.51 kB         104 kB
├ ƒ /api/forecast/ensemble                                   1.51 kB         104 kB
├ ƒ /api/forecast/lstm                                       1.51 kB         104 kB
├ ƒ /api/forecast/prophet                                    1.51 kB         104 kB
├ ƒ /api/forecast/revenue                                    1.51 kB         104 kB
├ ƒ /api/forecast/scenario                                   1.51 kB         104 kB
├ ƒ /api/funnel-states/[id]                                  1.51 kB         104 kB
├ ƒ /api/funnel-states/[id]/transition                       1.51 kB         104 kB
├ ƒ /api/funnel-states/create                                1.51 kB         104 kB
├ ƒ /api/funnel-states/list                                  1.51 kB         104 kB
├ ƒ /api/funnel-states/stats                                 1.51 kB         104 kB
├ ƒ /api/funnels                                             1.51 kB         104 kB
├ ƒ /api/funnels/[id]                                        1.51 kB         104 kB
├ ƒ /api/funnels/[id]/enroll                                 1.51 kB         104 kB
├ ƒ /api/funnels/[id]/sequences                              1.51 kB         104 kB
├ ƒ /api/funnels/[id]/stages                                 1.51 kB         104 kB
├ ƒ /api/funnels/stats                                       1.51 kB         104 kB
├ ƒ /api/gold-inquiries                                      1.51 kB         104 kB
├ ƒ /api/gold-inquiries/[id]/convert                         1.51 kB         104 kB
├ ƒ /api/gold-inquiries/[id]/status                          1.51 kB         104 kB
├ ƒ /api/gold-members                                        1.51 kB         104 kB
├ ƒ /api/gold-members/[id]                                   1.51 kB         104 kB
├ ƒ /api/gold-members/[id]/consultation                      1.51 kB         104 kB
├ ƒ /api/groups                                              1.51 kB         104 kB
├ ƒ /api/groups/[id]                                         1.51 kB         104 kB
├ ƒ /api/groups/[id]/blast                                   1.51 kB         104 kB
├ ƒ /api/groups/[id]/blast-kakao                             1.51 kB         104 kB
├ ƒ /api/groups/[id]/clone                                   1.51 kB         104 kB
├ ƒ /api/groups/[id]/consult-request                         1.51 kB         104 kB
├ ƒ /api/groups/[id]/customers                               1.51 kB         104 kB
├ ƒ /api/groups/[id]/decline                                 1.51 kB         104 kB
├ ƒ /api/groups/[id]/export                                  1.51 kB         104 kB
├ ƒ /api/groups/[id]/join                                    1.51 kB         104 kB
├ ƒ /api/groups/[id]/members                                 1.51 kB         104 kB
├ ƒ /api/groups/[id]/register                                1.51 kB         104 kB
├ ƒ /api/groups/[id]/script                                  1.51 kB         104 kB
├ ƒ /api/groups/[id]/tokens                                  1.51 kB         104 kB
├ ƒ /api/groups/import                                       1.51 kB         104 kB
├ ƒ /api/image-library                                       1.51 kB         104 kB
├ ƒ /api/image-library/[id]                                  1.51 kB         104 kB
├ ƒ /api/images/[id]                                         1.51 kB         104 kB
├ ƒ /api/images/[id]/download                                1.51 kB         104 kB
├ ƒ /api/images/batch-process                                1.51 kB         104 kB
├ ƒ /api/images/categories                                   1.51 kB         104 kB
├ ƒ /api/images/list                                         1.51 kB         104 kB
├ ƒ /api/images/stats                                        1.51 kB         104 kB
├ ƒ /api/images/sync                                         1.51 kB         104 kB
├ ƒ /api/images/upload                                       1.51 kB         104 kB
├ ƒ /api/import                                              1.51 kB         104 kB
├ ƒ /api/import/sample                                       1.51 kB         104 kB
├ ƒ /api/internal/verify-recaptcha                           1.51 kB         104 kB
├ ƒ /api/join/[token]                                        1.51 kB         104 kB
├ ƒ /api/knowledge-base/features                             1.51 kB         104 kB
├ ƒ /api/l1-optimization/ab-test-variant                     1.51 kB         104 kB
├ ƒ /api/l1-optimization/apply-best                          1.51 kB         104 kB
├ ƒ /api/l1-optimization/metrics                             1.51 kB         104 kB
├ ƒ /api/l1-optimization/price-objection                     1.51 kB         104 kB
├ ƒ /api/l10-closing/emotional-finish                        1.51 kB         104 kB
├ ƒ /api/l10-closing/metrics                                 1.51 kB         104 kB
├ ƒ /api/l10-closing/triple-choice                           1.51 kB         104 kB
├ ƒ /api/l10-closing/urgency-trigger                         1.51 kB         104 kB
├ ƒ /api/l10-closing/variants                                1.51 kB         104 kB
├ ƒ /api/l5l6-dual/assess-medical-risk                       1.51 kB         104 kB
├ ƒ /api/l5l6-dual/family-health-profile                     1.51 kB         104 kB
├ ƒ /api/l5l6-dual/metrics                                   1.51 kB         104 kB
├ ƒ /api/l5l6-dual/timing-message                            1.51 kB         104 kB
├ ƒ /api/l8-cruise-recommendations                           1.51 kB         104 kB
├ ƒ /api/l8-ltv-tracking                                     1.51 kB         104 kB
├ ƒ /api/l8-sms-return-sequence                              1.51 kB         104 kB
├ ƒ /api/landing-pages                                       1.51 kB         104 kB
├ ƒ /api/landing-pages/[id]                                  1.51 kB         104 kB
├ ƒ /api/landing-pages/[id]/clone                            1.51 kB         104 kB
├ ƒ /api/landing-pages/[id]/clone-shared                     1.51 kB         104 kB
├ ƒ /api/landing-pages/[id]/comments                         1.51 kB         104 kB
├ ƒ /api/landing-pages/[id]/comments/generate                1.51 kB         104 kB
├ ƒ /api/landing-pages/[id]/l6-config                        1.51 kB         104 kB
├ ƒ /api/landing-pages/[id]/register                         1.51 kB         104 kB
├ ƒ /api/landing-pages/[id]/registrations                    1.51 kB         104 kB
├ ƒ /api/landing-pages/[id]/share                            1.51 kB         104 kB
├ ƒ /api/landing-pages/[id]/sms-trigger                      1.51 kB         104 kB
├ ƒ /api/landing-pages/[id]/stats                            1.51 kB         104 kB
├ ƒ /api/landing-pages/[id]/view                             1.51 kB         104 kB
├ ƒ /api/landing-pages/batch-stats                           1.51 kB         104 kB
├ ƒ /api/landing-pages/images                                1.51 kB         104 kB
├ ƒ /api/landing-pages/images/proxy                          1.51 kB         104 kB
├ ƒ /api/landing-pages/shareable-orgs                        1.51 kB         104 kB
├ ƒ /api/lens/dashboard                                      1.51 kB         104 kB
├ ƒ /api/lens/templates                                      1.51 kB         104 kB
├ ƒ /api/links                                               1.51 kB         104 kB
├ ƒ /api/links/[id]/clicks                                   1.51 kB         104 kB
├ ƒ /api/loop5/dashboard/ab-test-results                     1.51 kB         104 kB
├ ƒ /api/loop5/dashboard/day-progression                     1.51 kB         104 kB
├ ƒ /api/loop5/dashboard/segment-breakdown                   1.51 kB         104 kB
├ ƒ /api/loop5/dashboard/stats                               1.51 kB         104 kB
├ ƒ /api/loop5/sms-stats                                     1.51 kB         104 kB
├ ƒ /api/marketing/campaigns                                 1.51 kB         104 kB
├ ƒ /api/marketing/campaigns/[id]                            1.51 kB         104 kB
├ ƒ /api/marketing/campaigns/[id]/send                       1.51 kB         104 kB
├ ƒ /api/marketing/campaigns/[id]/track                      1.51 kB         104 kB
├ ƒ /api/marketing/campaigns/today-stats                     1.51 kB         104 kB
├ ƒ /api/marketing/dashboard                                 1.51 kB         104 kB
├ ƒ /api/marketing/sales                                     1.51 kB         104 kB
├ ƒ /api/members                                             1.51 kB         104 kB
├ ƒ /api/members/[id]                                        1.51 kB         104 kB
├ ƒ /api/members/[id]/assign                                 1.51 kB         104 kB
├ ƒ /api/members/groups                                      1.51 kB         104 kB
├ ƒ /api/members/groups/[id]/members                         1.51 kB         104 kB
├ ƒ /api/menu-48/metrics                                     1.51 kB         104 kB
├ ƒ /api/menu-48/metrics/breakdown                           1.51 kB         104 kB
├ ƒ /api/menu-48/metrics/sms-performance                     1.51 kB         104 kB
├ ƒ /api/messages                                            1.51 kB         104 kB
├ ƒ /api/messages/send-kakao                                 1.51 kB         104 kB
├ ƒ /api/messages/send-sms                                   1.51 kB         104 kB
├ ƒ /api/my/affiliate                                        1.51 kB         104 kB
├ ƒ /api/my/contracts                                        1.51 kB         104 kB
├ ƒ /api/my/family-analytics                                 1.51 kB         104 kB
├ ƒ /api/my/family-assessment                                1.51 kB         104 kB
├ ƒ /api/my/family-assessment/score                          1.51 kB         104 kB
├ ƒ /api/my/payments                                         1.51 kB         104 kB
├ ƒ /api/my/payslip-summary                                  1.51 kB         104 kB
├ ƒ /api/my/sales                                            1.51 kB         104 kB
├ ƒ /api/notifications/feed                                  1.51 kB         104 kB
├ ƒ /api/notifications/leads                                 1.51 kB         104 kB
├ ƒ /api/onboarding/stats                                    1.51 kB         104 kB
├ ƒ /api/org/agents                                          1.51 kB         104 kB
├ ƒ /api/org/info                                            1.51 kB         104 kB
├ ƒ /api/org/invite                                          1.51 kB         104 kB
├ ƒ /api/org/list                                            1.51 kB         104 kB
├ ƒ /api/org/members                                         1.51 kB         104 kB
├ ƒ /api/org/members/[userId]                                1.51 kB         104 kB
├ ƒ /api/org/members/[userId]/documents                      1.51 kB         104 kB
├ ƒ /api/org/members/[userId]/documents/[docId]              1.51 kB         104 kB
├ ƒ /api/organizations/[orgId]/campaigns/cost/report         1.51 kB         104 kB
├ ƒ /api/partner/[id]                                        1.51 kB         104 kB
├ ƒ /api/partner/[id]/contacts                               1.51 kB         104 kB
├ ƒ /api/partner/alert/risk-flag                             1.51 kB         104 kB
├ ƒ /api/partner/analytics/comprehensive                     1.51 kB         104 kB
├ ƒ /api/partner/churn-risk                                  1.51 kB         104 kB
├ ƒ /api/partner/create                                      1.51 kB         104 kB
├ ƒ /api/partner/dashboard/b2b                               1.51 kB         104 kB
├ ƒ /api/partner/dashboard/b2b/detail                        1.51 kB         104 kB
├ ƒ /api/partner/dashboard/b2c                               1.51 kB         104 kB
├ ƒ /api/partner/dashboard/b2c/confirm                       1.51 kB         104 kB
├ ƒ /api/partner/dashboard/b2c/detail                        1.51 kB         104 kB
├ ƒ /api/partner/dashboard/gold                              1.51 kB         104 kB
├ ƒ /api/partner/dashboard/gold/detail                       1.51 kB         104 kB
├ ƒ /api/partner/list                                        1.51 kB         104 kB
├ ƒ /api/partner/onboarding/create                           1.51 kB         104 kB
├ ƒ /api/partner/onboarding/progress                         1.51 kB         104 kB
├ ƒ /api/partner/performance/update                          1.51 kB         104 kB
├ ƒ /api/partner/performance/weekly                          1.51 kB         104 kB
├ ƒ /api/partner/risk-score-changes                          1.51 kB         104 kB
├ ƒ /api/partner/suspension-status                           1.51 kB         104 kB
├ ƒ /api/partner/test                                        1.51 kB         104 kB
├ ƒ /api/partner/trigger-risk-change                         1.51 kB         104 kB
├ ƒ /api/partners/[id]/intervention                          1.51 kB         104 kB
├ ƒ /api/partners/analytics/summary                          1.51 kB         104 kB
├ ƒ /api/partners/metrics/[id]                               1.51 kB         104 kB
├ ƒ /api/passport/admin/aligo-status                         1.51 kB         104 kB
├ ƒ /api/passport/admin/chatbot-create                       1.51 kB         104 kB
├ ƒ /api/passport/admin/chatbot-flow                         1.51 kB         104 kB
├ ƒ /api/passport/admin/customer-detail                      1.51 kB         104 kB
├ ƒ /api/passport/admin/customers                            1.51 kB         104 kB
├ ƒ /api/passport/admin/history                              1.51 kB         104 kB
├ ƒ /api/passport/admin/leads-complete                       1.51 kB         104 kB
├ ƒ /api/passport/admin/leads-link                           1.51 kB         104 kB
├ ƒ /api/passport/admin/leads-request                        1.51 kB         104 kB
├ ƒ /api/passport/admin/link                                 1.51 kB         104 kB
├ ƒ /api/passport/admin/manual                               1.51 kB         104 kB
├ ƒ /api/passport/admin/manual-register                      1.51 kB         104 kB
├ ƒ /api/passport/admin/ocr-to-apis                          1.51 kB         104 kB
├ ƒ /api/passport/admin/product-codes                        1.51 kB         104 kB
├ ƒ /api/passport/admin/sales-confirmation                   1.51 kB         104 kB
├ ƒ /api/passport/admin/search                               1.51 kB         104 kB
├ ƒ /api/passport/admin/send                                 1.51 kB         104 kB
├ ƒ /api/passport/admin/templates                            1.51 kB         104 kB
├ ƒ /api/passport/customer/request                           1.51 kB         104 kB
├ ƒ /api/passport/customer/upload                            1.51 kB         104 kB
├ ƒ /api/passport/partner/chatbot                            1.51 kB         104 kB
├ ƒ /api/passport/partner/lead-link                          1.51 kB         104 kB
├ ƒ /api/passport/partner/link                               1.51 kB         104 kB
├ ƒ /api/passport/partner/manual                             1.51 kB         104 kB
├ ƒ /api/passport/partner/ocr                                1.51 kB         104 kB
├ ƒ /api/passport/partner/requests                           1.51 kB         104 kB
├ ƒ /api/passport/partner/templates                          1.51 kB         104 kB
├ ƒ /api/passport/public/[token]                             1.51 kB         104 kB
├ ƒ /api/passport/public/[token]/ocr                         1.51 kB         104 kB
├ ƒ /api/passport/public/[token]/submit                      1.51 kB         104 kB
├ ƒ /api/passport/public/[token]/upload                      1.51 kB         104 kB
├ ƒ /api/passport/public/chatbot-sync                        1.51 kB         104 kB
├ ƒ /api/passport/public/passport-upload                     1.51 kB         104 kB
├ ƒ /api/passport/public/scan                                1.51 kB         104 kB
├ ƒ /api/passport/public/submit                              1.51 kB         104 kB
├ ƒ /api/payapp/mall-payments                                1.51 kB         104 kB
├ ƒ /api/payapp/payments                                     1.51 kB         104 kB
├ ƒ /api/payapp/refund                                       1.51 kB         104 kB
├ ƒ /api/payapp/request                                      1.51 kB         104 kB
├ ƒ /api/payapp/subscription                                 1.51 kB         104 kB
├ ƒ /api/payapp/subscription/[id]                            1.51 kB         104 kB
├ ƒ /api/payslips                                            1.51 kB         104 kB
├ ƒ /api/pnr/admin/send                                      1.51 kB         104 kB
├ ƒ /api/pnr/customer/[reservationId]                        1.51 kB         104 kB
├ ƒ /api/pnr/customer/submit                                 1.51 kB         104 kB
├ ƒ /api/pnr/partner/[reservationId]                         1.51 kB         104 kB
├ ƒ /api/pnr/partner/by-payment/[paymentId]                  1.51 kB         104 kB
├ ƒ /api/pnr/partner/create                                  1.51 kB         104 kB
├ ƒ /api/pnr/partner/list                                    1.51 kB         104 kB
├ ƒ /api/pnr/public/[id]                                     1.51 kB         104 kB
├ ƒ /api/preparation-guides/[category]                       1.51 kB         104 kB
├ ƒ /api/products                                            1.51 kB         104 kB
├ ƒ /api/public/b2b/[orgSlug]                                1.51 kB         104 kB
├ ƒ /api/public/b2b/p/[partnerId]                            1.51 kB         104 kB
├ ƒ /api/public/landing-register                             1.51 kB         104 kB
├ ƒ /api/public/landing/[slug]/comments                      1.51 kB         104 kB
├ ƒ /api/public/payapp/request                               1.51 kB         104 kB
├ ƒ /api/push/send-today                                     1.51 kB         104 kB
├ ƒ /api/push/settings                                       1.51 kB         104 kB
├ ƒ /api/push/subscribe                                      1.51 kB         104 kB
├ ƒ /api/queues/email-process                                1.51 kB         104 kB
├ ƒ /api/queues/sms-process                                  1.51 kB         104 kB
├ ƒ /api/realtime/kpi                                        1.51 kB         104 kB
├ ƒ /api/realtime/kpi/metrics                                1.51 kB         104 kB
├ ƒ /api/recaptcha/verify                                    1.51 kB         104 kB
├ ƒ /api/scheduled-sms                                       1.51 kB         104 kB
├ ƒ /api/seed/test-accounts                                  1.51 kB         104 kB
├ ƒ /api/segments                                            1.51 kB         104 kB
├ ƒ /api/segments/[id]                                       1.51 kB         104 kB
├ ƒ /api/segments/reactivation                               1.51 kB         104 kB
├ ƒ /api/settings/email                                      1.51 kB         104 kB
├ ƒ /api/settings/kakao-config                               1.51 kB         104 kB
├ ƒ /api/settings/organization                               1.51 kB         104 kB
├ ƒ /api/settings/sms                                        1.51 kB         104 kB
├ ƒ /api/settings/sms-config                                 1.51 kB         104 kB
├ ƒ /api/settings/sms-config/verify                          1.51 kB         104 kB
├ ƒ /api/settings/sms/verify                                 1.51 kB         104 kB
├ ƒ /api/settlements/analytics                               1.51 kB         104 kB
├ ƒ /api/setup/defaults                                      1.51 kB         104 kB
├ ƒ /api/setup/regional-groups                               1.51 kB         104 kB
├ ƒ /api/setup/vip-funnel                                    1.51 kB         104 kB
├ ƒ /api/sms-ab-tests                                        1.51 kB         104 kB
├ ƒ /api/sms-ab-tests/[id]                                   1.51 kB         104 kB
├ ƒ /api/sms-ab-tests/[id]/timeline                          1.51 kB         104 kB
├ ƒ /api/sms-logs                                            1.51 kB         104 kB
├ ƒ /api/sms-logs/stats                                      1.51 kB         104 kB
├ ƒ /api/sms/anxiety-sequence                                1.51 kB         104 kB
├ ƒ /api/sms/automation/metrics                              1.51 kB         104 kB
├ ƒ /api/sms/automation/schedule-day0-3                      1.51 kB         104 kB
├ ƒ /api/sms/automation/send-scheduled                       1.51 kB         104 kB
├ ƒ /api/sms/automation/track-click                          1.51 kB         104 kB
├ ƒ /api/sms/family-persuasion                               1.51 kB         104 kB
├ ƒ /api/sms/reactivation-campaign                           1.51 kB         104 kB
├ ƒ /api/sms/send-day0-emotional-finish                      1.51 kB         104 kB
├ ƒ /api/sync/cruisedot-to-crm                               1.51 kB         104 kB
├ ƒ /api/sync/dlq-status                                     1.51 kB         104 kB
├ ƒ /api/sync/retry-dlq                                      1.51 kB         104 kB
├ ƒ /api/sync/users-to-supabase                              1.51 kB         104 kB
├ ƒ /api/system-consultations                                1.51 kB         104 kB
├ ƒ /api/system/health                                       1.51 kB         104 kB
├ ƒ /api/team/agents                                         1.51 kB         104 kB
├ ƒ /api/team/crm-stats                                      1.51 kB         104 kB
├ ƒ /api/team/metrics                                        1.51 kB         104 kB
├ ƒ /api/tools/ai-draft                                      1.51 kB         104 kB
├ ƒ /api/tools/bot-guide-answers                             1.51 kB         104 kB
├ ƒ /api/tools/bot-guide-answers/[key]                       1.51 kB         104 kB
├ ƒ /api/tools/call-feedback                                 1.51 kB         104 kB
├ ƒ /api/tools/patterns                                      1.51 kB         104 kB
├ ƒ /api/tools/playbook                                      1.51 kB         104 kB
├ ƒ /api/tools/sms-templates                                 1.51 kB         104 kB
├ ƒ /api/user/role                                           1.51 kB         104 kB
├ ƒ /api/webhook/contact-form-submission                     1.51 kB         104 kB
├ ƒ /api/webhook/crm/customer-created                        1.51 kB         104 kB
├ ƒ /api/webhook/crm/settlement-updated                      1.51 kB         104 kB
├ ƒ /api/webhook/cruisedot-payment                           1.51 kB         104 kB
├ ƒ /api/webhook/customer-created                            1.51 kB         104 kB
├ ƒ /api/webhook/loop5-contact-form                          1.51 kB         104 kB
├ ƒ /api/webhook/payment-completed                           1.51 kB         104 kB
├ ƒ /api/webhook/settlement-updated                          1.51 kB         104 kB
├ ƒ /api/webhooks/admin                                      1.51 kB         104 kB
├ ƒ /api/webhooks/aligo/status                               1.51 kB         104 kB
├ ƒ /api/webhooks/analytics                                  1.51 kB         104 kB
├ ƒ /api/webhooks/cruise-purchase                            1.51 kB         104 kB
├ ƒ /api/webhooks/cruisedot-inventory                        1.51 kB         104 kB
├ ƒ /api/webhooks/cruisedot-payment                          1.51 kB         104 kB
├ ƒ /api/webhooks/cruisedot-settlement                       1.51 kB         104 kB
├ ƒ /api/webhooks/execution-status                           1.51 kB         104 kB
├ ƒ /api/webhooks/gmcruise/contract-signed                   1.51 kB         104 kB
├ ƒ /api/webhooks/gmcruise/lead-status                       1.51 kB         104 kB
├ ƒ /api/webhooks/gmcruise/passport-approved                 1.51 kB         104 kB
├ ƒ /api/webhooks/gmcruise/payment-failure                   1.51 kB         104 kB
├ ƒ /api/webhooks/gold-inquiry                               1.51 kB         104 kB
├ ƒ /api/webhooks/inquiry                                    1.51 kB         104 kB
├ ƒ /api/webhooks/messages                                   1.51 kB         104 kB
├ ƒ /api/webhooks/partner-signup                             1.51 kB         104 kB
├ ƒ /api/webhooks/payapp                                     1.51 kB         104 kB
├ ƒ /api/webhooks/purchase                                   1.51 kB         104 kB
├ ƒ /api/webhooks/refund                                     1.51 kB         104 kB
├ ƒ /api/webhooks/reservation                                1.51 kB         104 kB
├ ƒ /api/webhooks/sms/onboarding-response                    1.51 kB         104 kB
├ ƒ /api/webhooks/stats                                      1.51 kB         104 kB
├ ƒ /api/year-end-report                                     1.51 kB         104 kB
├ ƒ /b2b                                                     1.51 kB         104 kB
├ ƒ /b2b-editor                                              6.24 kB         112 kB
├ ƒ /b2b-editor/[id]                                         9.31 kB         151 kB
├ ƒ /b2b-editor/new                                          10.4 kB         121 kB
├ ƒ /b2b/[orgSlug]                                           3.69 kB         106 kB
├ ƒ /b2b/buyers                                              5.87 kB         108 kB
├ ƒ /b2b/inquirers                                           5.09 kB         108 kB
├ ƒ /b2b/p/[partnerId]                                        6.6 kB         109 kB
├ ƒ /call-scripts                                             6.5 kB         118 kB
├ ƒ /campaigns/[id]/delta-setup                              33.4 kB         183 kB
├ ƒ /campaigns/sending-history                               2.46 kB         105 kB
├ ƒ /campaigns/sending-history-dashboard                     4.32 kB         107 kB
├ ƒ /commission-ledger                                       3.63 kB         106 kB
├ ƒ /comparisons                                             3.06 kB         106 kB
├ ƒ /contacts                                                14.1 kB         120 kB
├ ƒ /contacts/[id]                                           39.9 kB         178 kB
├ ƒ /contacts/all                                            4.22 kB         107 kB
├ ƒ /contacts/analytics                                      3.08 kB         109 kB
├ ƒ /contacts/inquiries                                      6.67 kB         113 kB
├ ƒ /contacts/new                                            3.85 kB         106 kB
├ ƒ /contacts/purchased                                      5.57 kB         111 kB
├ ƒ /contract-templates                                      3.85 kB         110 kB
├ ƒ /contract-templates/[id]                                 4.25 kB         110 kB
├ ƒ /contract-templates/new                                   3.7 kB         110 kB
├ ƒ /contracts                                               3.19 kB         106 kB
├ ƒ /contracts/templates                                      5.6 kB         108 kB
├ ƒ /dashboard                                                 12 kB         230 kB
├ ƒ /db                                                      6.96 kB         113 kB
├ ƒ /documents                                               51.4 kB         154 kB
├ ƒ /documents-approval                                      5.27 kB         108 kB
├ ƒ /funnels                                                 4.49 kB         110 kB
├ ƒ /funnels/[id]                                             8.4 kB         111 kB
├ ƒ /gold-inquiries                                          4.47 kB         107 kB
├ ƒ /gold-members                                             5.3 kB         108 kB
├ ƒ /gold-members/[id]                                       4.75 kB         107 kB
├ ƒ /groups                                                  10.4 kB         116 kB
├ ƒ /groups/[id]                                              9.8 kB         116 kB
├ ƒ /image-library                                           5.76 kB         108 kB
├ ƒ /join/[token]                                            6.12 kB         109 kB
├ ƒ /l/[code]                                                1.51 kB         104 kB
├ ƒ /l8-return-optimization                                  4.79 kB         119 kB
├ ƒ /landing                                                 1.51 kB         104 kB
├ ƒ /landing-pages                                           8.33 kB         114 kB
├ ƒ /landing-pages/[id]                                      9.93 kB         151 kB
├ ƒ /landing-pages/new                                       11.1 kB         122 kB
├ ƒ /links                                                   5.26 kB         108 kB
├ ƒ /marketing                                               4.38 kB         110 kB
├ ƒ /marketing/campaigns/[id]                                3.26 kB         118 kB
├ ƒ /marketing/campaigns/[id]/variants                       9.64 kB         236 kB
├ ƒ /marketing/campaigns/new                                 7.88 kB         122 kB
├ ƒ /marketing/sales                                         4.06 kB         107 kB
├ ƒ /members                                                 7.23 kB         110 kB
├ ƒ /menu-47-reactivation                                    3.44 kB         118 kB
├ ƒ /menu-48-anxiety                                         4.11 kB         231 kB
├ ƒ /messages                                                21.1 kB         124 kB
├ ƒ /messages/scheduled                                      3.36 kB         106 kB
├ ƒ /messages/scheduled-email                                3.34 kB         106 kB
├ ƒ /my-sales                                                4.07 kB         107 kB
├ ƒ /news-links                                              3.18 kB         106 kB
├ ƒ /p/[slug]                                                8.52 kB         111 kB
├ ƒ /p/[slug]/payment/complete                                 222 B         106 kB
├ ƒ /partner                                                 4.36 kB         107 kB
├ ƒ /partner-dashboard                                         30 kB         133 kB
├ ƒ /partner/my-sales                                        4.48 kB         107 kB
├ ƒ /passport                                                 137 kB         248 kB
├ ƒ /passport/[token]                                        8.09 kB         111 kB
├ ƒ /passport/partner                                        6.17 kB         112 kB
├ ƒ /payments                                                5.17 kB         108 kB
├ ƒ /payslips                                                3.68 kB         106 kB
├ ƒ /playbook                                                1.51 kB         104 kB
├ ƒ /pnr/[reservationId]                                     6.79 kB         109 kB
├ ƒ /pnr/new                                                 15.1 kB         118 kB
├ ƒ /products                                                  10 kB         112 kB
├ ○ /register/free-marketer                                  1.99 kB         108 kB
├ ○ /robots.txt                                              1.51 kB         104 kB
├ ƒ /settings                                                  869 B         107 kB
├ ƒ /settings/email                                          3.61 kB         110 kB
├ ƒ /settings/members                                          17 kB         123 kB
├ ƒ /settings/organization                                   3.89 kB         110 kB
├ ƒ /settings/sms                                            6.42 kB         112 kB
├ ƒ /sign-in/[[...sign-in]]                                  1.41 kB         104 kB
├ ƒ /sign-up/[[...sign-up]]                                  1.51 kB         104 kB
├ ƒ /sitemap.xml                                             1.51 kB         104 kB
├ ƒ /team                                                    6.09 kB         109 kB
├ ƒ /team/affiliate                                          13.1 kB         119 kB
├ ƒ /tools                                                    118 kB         229 kB
├ ƒ /tools/playbook-viewer                                   12.4 kB         151 kB
├ ƒ /tools/profit-calculator                                 6.14 kB         109 kB
├ ƒ /training                                                6.79 kB         145 kB
├ ○ /welcome                                                 2.45 kB         105 kB
└ ƒ /year-end-report                                          3.5 kB         106 kB
+ First Load JS shared by all                                 102 kB
  ├ chunks/31255-694aac242d626b2d.js                         45.9 kB
  ├ chunks/4bd1b696-6ae3f264f303f2fb.js                      54.3 kB
  └ other shared chunks (total)                              2.28 kB


○  (Static)   prerendered as static content
ƒ  (Dynamic)  server-rendered on demand

